The system is: Linux - 4.12.14-150.75-default - x86_64
Compiling the CXX compiler identification source file "CMakeCXXCompilerId.cpp" succeeded.
Compiler: /opt/gcc/8.3.0/bin/c++ 
Build flags: 
Id flags:  

The output was:
0


Compilation of the CXX compiler identification source "CMakeCXXCompilerId.cpp" produced "a.out"

The CXX compiler identification is GNU, found in "/global/homes/i/itsjes/mpi_2dmesh_harness_instructional/build/CMakeFiles/3.21.3/CompilerIdCXX/a.out"

Detecting CXX compiler ABI info compiled with the following output:
Change Dir: /global/homes/i/itsjes/mpi_2dmesh_harness_instructional/build/CMakeFiles/CMakeTmp

Run Build Command(s):/usr/bin/gmake -f Makefile cmTC_d1162/fast && /usr/bin/gmake  -f CMakeFiles/cmTC_d1162.dir/build.make CMakeFiles/cmTC_d1162.dir/build
gmake[1]: Entering directory '/global/u1/i/itsjes/mpi_2dmesh_harness_instructional/build/CMakeFiles/CMakeTmp'
Building CXX object CMakeFiles/cmTC_d1162.dir/CMakeCXXCompilerABI.cpp.o
/opt/gcc/8.3.0/bin/c++   -v -o CMakeFiles/cmTC_d1162.dir/CMakeCXXCompilerABI.cpp.o -c /global/common/cori_cle7/software/cmake/3.21.3/share/cmake-3.21/Modules/CMakeCXXCompilerABI.cpp
Using built-in specs.
COLLECT_GCC=/opt/gcc/8.3.0/bin/../snos/bin/c++
Target: x86_64-suse-linux
Configured with: ../cray-gcc-8.3.0-201903122028.16ea96cb84a9a/configure --prefix=/opt/gcc/8.3.0/snos --disable-nls --libdir=/opt/gcc/8.3.0/snos/lib --enable-languages=c,c++,fortran --with-gxx-include-dir=/opt/gcc/8.3.0/snos/include/g++ --with-slibdir=/opt/gcc/8.3.0/snos/lib --with-system-zlib --enable-shared --enable-__cxa_atexit --build=x86_64-suse-linux --with-ppl --with-cloog --disable-multilib
Thread model: posix
gcc version 8.3.0 20190222 (Cray Inc.) (GCC) 
COLLECT_GCC_OPTIONS='-v' '-o' 'CMakeFiles/cmTC_d1162.dir/CMakeCXXCompilerABI.cpp.o' '-c' '-shared-libgcc' '-mtune=generic' '-march=x86-64'
 /opt/gcc/8.3.0/snos/libexec/gcc/x86_64-suse-linux/8.3.0/cc1plus -quiet -v -D_GNU_SOURCE /global/common/cori_cle7/software/cmake/3.21.3/share/cmake-3.21/Modules/CMakeCXXCompilerABI.cpp -quiet -dumpbase CMakeCXXCompilerABI.cpp -mtune=generic -march=x86-64 -auxbase-strip CMakeFiles/cmTC_d1162.dir/CMakeCXXCompilerABI.cpp.o -version -o /tmp/ccbUSaFu.s
GNU C++14 (GCC) version 8.3.0 20190222 (Cray Inc.) (x86_64-suse-linux)
	compiled by GNU C version 8.3.0 20190222 (Cray Inc.), GMP version 6.0.0, MPFR version 3.1.3, MPC version 1.0.3, isl version isl-0.15-GMP

GGC heuristics: --param ggc-min-expand=100 --param ggc-min-heapsize=131072
ignoring nonexistent directory "/opt/gcc/8.3.0/snos/lib/gcc/x86_64-suse-linux/8.3.0/../../../../x86_64-suse-linux/include"
#include "..." search starts here:
#include <...> search starts here:
 /opt/gcc/8.3.0/snos/include/g++
 /opt/gcc/8.3.0/snos/include/g++/x86_64-suse-linux
 /opt/gcc/8.3.0/snos/include/g++/backward
 /opt/gcc/8.3.0/snos/lib/gcc/x86_64-suse-linux/8.3.0/include
 /usr/local/include
 /opt/gcc/8.3.0/snos/include
 /opt/gcc/8.3.0/snos/lib/gcc/x86_64-suse-linux/8.3.0/include-fixed
 /usr/include
End of search list.
GNU C++14 (GCC) version 8.3.0 20190222 (Cray Inc.) (x86_64-suse-linux)
	compiled by GNU C version 8.3.0 20190222 (Cray Inc.), GMP version 6.0.0, MPFR version 3.1.3, MPC version 1.0.3, isl version isl-0.15-GMP

GGC heuristics: --param ggc-min-expand=100 --param ggc-min-heapsize=131072
Compiler executable checksum: a65710110c95231a70a80de404252610
COLLECT_GCC_OPTIONS='-v' '-o' 'CMakeFiles/cmTC_d1162.dir/CMakeCXXCompilerABI.cpp.o' '-c' '-shared-libgcc' '-mtune=generic' '-march=x86-64'
 as -v --64 -o CMakeFiles/cmTC_d1162.dir/CMakeCXXCompilerABI.cpp.o /tmp/ccbUSaFu.s
GNU assembler version 2.35.1 (x86_64-suse-linux) using BFD version (GNU Binutils; SUSE Linux Enterprise 15) 2.35.1.20201123-6.20
COMPILER_PATH=/opt/gcc/8.3.0/snos/libexec/gcc/x86_64-suse-linux/8.3.0/:/opt/gcc/8.3.0/snos/libexec/gcc/x86_64-suse-linux/8.3.0/:/opt/gcc/8.3.0/snos/libexec/gcc/x86_64-suse-linux/:/opt/gcc/8.3.0/snos/lib/gcc/x86_64-suse-linux/8.3.0/:/opt/gcc/8.3.0/snos/lib/gcc/x86_64-suse-linux/
LIBRARY_PATH=/opt/gcc/8.3.0/snos/lib/gcc/x86_64-suse-linux/8.3.0/:/opt/gcc/8.3.0/snos/lib/gcc/x86_64-suse-linux/8.3.0/../../../../lib64/:/lib/../lib64/:/usr/lib/../lib64/:/opt/gcc/8.3.0/snos/lib/gcc/x86_64-suse-linux/8.3.0/../../../:/lib/:/usr/lib/
COLLECT_GCC_OPTIONS='-v' '-o' 'CMakeFiles/cmTC_d1162.dir/CMakeCXXCompilerABI.cpp.o' '-c' '-shared-libgcc' '-mtune=generic' '-march=x86-64'
Linking CXX executable cmTC_d1162
/global/common/cori_cle7/software/cmake/3.21.3/bin/cmake -E cmake_link_script CMakeFiles/cmTC_d1162.dir/link.txt --verbose=1
/opt/gcc/8.3.0/bin/c++  -v CMakeFiles/cmTC_d1162.dir/CMakeCXXCompilerABI.cpp.o -o cmTC_d1162 
Using built-in specs.
COLLECT_GCC=/opt/gcc/8.3.0/bin/../snos/bin/c++
COLLECT_LTO_WRAPPER=/opt/gcc/8.3.0/snos/libexec/gcc/x86_64-suse-linux/8.3.0/lto-wrapper
Target: x86_64-suse-linux
Configured with: ../cray-gcc-8.3.0-201903122028.16ea96cb84a9a/configure --prefix=/opt/gcc/8.3.0/snos --disable-nls --libdir=/opt/gcc/8.3.0/snos/lib --enable-languages=c,c++,fortran --with-gxx-include-dir=/opt/gcc/8.3.0/snos/include/g++ --with-slibdir=/opt/gcc/8.3.0/snos/lib --with-system-zlib --enable-shared --enable-__cxa_atexit --build=x86_64-suse-linux --with-ppl --with-cloog --disable-multilib
Thread model: posix
gcc version 8.3.0 20190222 (Cray Inc.) (GCC) 
COMPILER_PATH=/opt/gcc/8.3.0/snos/libexec/gcc/x86_64-suse-linux/8.3.0/:/opt/gcc/8.3.0/snos/libexec/gcc/x86_64-suse-linux/8.3.0/:/opt/gcc/8.3.0/snos/libexec/gcc/x86_64-suse-linux/:/opt/gcc/8.3.0/snos/lib/gcc/x86_64-suse-linux/8.3.0/:/opt/gcc/8.3.0/snos/lib/gcc/x86_64-suse-linux/
LIBRARY_PATH=/opt/gcc/8.3.0/snos/lib/gcc/x86_64-suse-linux/8.3.0/:/opt/gcc/8.3.0/snos/lib/gcc/x86_64-suse-linux/8.3.0/../../../../lib64/:/lib/../lib64/:/usr/lib/../lib64/:/opt/gcc/8.3.0/snos/lib/gcc/x86_64-suse-linux/8.3.0/../../../:/lib/:/usr/lib/
COLLECT_GCC_OPTIONS='-v' '-o' 'cmTC_d1162' '-shared-libgcc' '-mtune=generic' '-march=x86-64'
 /opt/gcc/8.3.0/snos/libexec/gcc/x86_64-suse-linux/8.3.0/collect2 -plugin /opt/gcc/8.3.0/snos/libexec/gcc/x86_64-suse-linux/8.3.0/liblto_plugin.so -plugin-opt=/opt/gcc/8.3.0/snos/libexec/gcc/x86_64-suse-linux/8.3.0/lto-wrapper -plugin-opt=-fresolution=/tmp/ccVagWDv.res -plugin-opt=-pass-through=-lgcc_s -plugin-opt=-pass-through=-lgcc -plugin-opt=-pass-through=-lc -plugin-opt=-pass-through=-lgcc_s -plugin-opt=-pass-through=-lgcc --eh-frame-hdr -m elf_x86_64 -dynamic-linker /lib64/ld-linux-x86-64.so.2 -o cmTC_d1162 /usr/lib/../lib64/crt1.o /usr/lib/../lib64/crti.o /opt/gcc/8.3.0/snos/lib/gcc/x86_64-suse-linux/8.3.0/crtbegin.o -L/opt/gcc/8.3.0/snos/lib/gcc/x86_64-suse-linux/8.3.0 -L/opt/gcc/8.3.0/snos/lib/gcc/x86_64-suse-linux/8.3.0/../../../../lib64 -L/lib/../lib64 -L/usr/lib/../lib64 -L/opt/gcc/8.3.0/snos/lib/gcc/x86_64-suse-linux/8.3.0/../../.. CMakeFiles/cmTC_d1162.dir/CMakeCXXCompilerABI.cpp.o -lstdc++ -lm -lgcc_s -lgcc -lc -lgcc_s -lgcc /opt/gcc/8.3.0/snos/lib/gcc/x86_64-suse-linux/8.3.0/crtend.o /usr/lib/../lib64/crtn.o
COLLECT_GCC_OPTIONS='-v' '-o' 'cmTC_d1162' '-shared-libgcc' '-mtune=generic' '-march=x86-64'
gmake[1]: Leaving directory '/global/u1/i/itsjes/mpi_2dmesh_harness_instructional/build/CMakeFiles/CMakeTmp'



Parsed CXX implicit include dir info from above output: rv=done
  found start of include info
  found start of implicit include info
    add: [/opt/gcc/8.3.0/snos/include/g++]
    add: [/opt/gcc/8.3.0/snos/include/g++/x86_64-suse-linux]
    add: [/opt/gcc/8.3.0/snos/include/g++/backward]
    add: [/opt/gcc/8.3.0/snos/lib/gcc/x86_64-suse-linux/8.3.0/include]
    add: [/usr/local/include]
    add: [/opt/gcc/8.3.0/snos/include]
    add: [/opt/gcc/8.3.0/snos/lib/gcc/x86_64-suse-linux/8.3.0/include-fixed]
    add: [/usr/include]
  end of search list found
  collapse include dir [/opt/gcc/8.3.0/snos/include/g++] ==> [/opt/gcc/8.3.0/snos/include/g++]
  collapse include dir [/opt/gcc/8.3.0/snos/include/g++/x86_64-suse-linux] ==> [/opt/gcc/8.3.0/snos/include/g++/x86_64-suse-linux]
  collapse include dir [/opt/gcc/8.3.0/snos/include/g++/backward] ==> [/opt/gcc/8.3.0/snos/include/g++/backward]
  collapse include dir [/opt/gcc/8.3.0/snos/lib/gcc/x86_64-suse-linux/8.3.0/include] ==> [/opt/gcc/8.3.0/snos/lib/gcc/x86_64-suse-linux/8.3.0/include]
  collapse include dir [/usr/local/include] ==> [/usr/local/include]
  collapse include dir [/opt/gcc/8.3.0/snos/include] ==> [/opt/gcc/8.3.0/snos/include]
  collapse include dir [/opt/gcc/8.3.0/snos/lib/gcc/x86_64-suse-linux/8.3.0/include-fixed] ==> [/opt/gcc/8.3.0/snos/lib/gcc/x86_64-suse-linux/8.3.0/include-fixed]
  collapse include dir [/usr/include] ==> [/usr/include]
  implicit include dirs: [/opt/gcc/8.3.0/snos/include/g++;/opt/gcc/8.3.0/snos/include/g++/x86_64-suse-linux;/opt/gcc/8.3.0/snos/include/g++/backward;/opt/gcc/8.3.0/snos/lib/gcc/x86_64-suse-linux/8.3.0/include;/usr/local/include;/opt/gcc/8.3.0/snos/include;/opt/gcc/8.3.0/snos/lib/gcc/x86_64-suse-linux/8.3.0/include-fixed;/usr/include]


Parsed CXX implicit link information from above output:
  link line regex: [^( *|.*[/\])(ld|CMAKE_LINK_STARTFILE-NOTFOUND|([^/\]+-)?ld|collect2)[^/\]*( |$)]
  ignore line: [Change Dir: /global/homes/i/itsjes/mpi_2dmesh_harness_instructional/build/CMakeFiles/CMakeTmp]
  ignore line: []
  ignore line: [Run Build Command(s):/usr/bin/gmake -f Makefile cmTC_d1162/fast && /usr/bin/gmake  -f CMakeFiles/cmTC_d1162.dir/build.make CMakeFiles/cmTC_d1162.dir/build]
  ignore line: [gmake[1]: Entering directory '/global/u1/i/itsjes/mpi_2dmesh_harness_instructional/build/CMakeFiles/CMakeTmp']
  ignore line: [Building CXX object CMakeFiles/cmTC_d1162.dir/CMakeCXXCompilerABI.cpp.o]
  ignore line: [/opt/gcc/8.3.0/bin/c++   -v -o CMakeFiles/cmTC_d1162.dir/CMakeCXXCompilerABI.cpp.o -c /global/common/cori_cle7/software/cmake/3.21.3/share/cmake-3.21/Modules/CMakeCXXCompilerABI.cpp]
  ignore line: [Using built-in specs.]
  ignore line: [COLLECT_GCC=/opt/gcc/8.3.0/bin/../snos/bin/c++]
  ignore line: [Target: x86_64-suse-linux]
  ignore line: [Configured with: ../cray-gcc-8.3.0-201903122028.16ea96cb84a9a/configure --prefix=/opt/gcc/8.3.0/snos --disable-nls --libdir=/opt/gcc/8.3.0/snos/lib --enable-languages=c c++ fortran --with-gxx-include-dir=/opt/gcc/8.3.0/snos/include/g++ --with-slibdir=/opt/gcc/8.3.0/snos/lib --with-system-zlib --enable-shared --enable-__cxa_atexit --build=x86_64-suse-linux --with-ppl --with-cloog --disable-multilib]
  ignore line: [Thread model: posix]
  ignore line: [gcc version 8.3.0 20190222 (Cray Inc.) (GCC) ]
  ignore line: [COLLECT_GCC_OPTIONS='-v' '-o' 'CMakeFiles/cmTC_d1162.dir/CMakeCXXCompilerABI.cpp.o' '-c' '-shared-libgcc' '-mtune=generic' '-march=x86-64']
  ignore line: [ /opt/gcc/8.3.0/snos/libexec/gcc/x86_64-suse-linux/8.3.0/cc1plus -quiet -v -D_GNU_SOURCE /global/common/cori_cle7/software/cmake/3.21.3/share/cmake-3.21/Modules/CMakeCXXCompilerABI.cpp -quiet -dumpbase CMakeCXXCompilerABI.cpp -mtune=generic -march=x86-64 -auxbase-strip CMakeFiles/cmTC_d1162.dir/CMakeCXXCompilerABI.cpp.o -version -o /tmp/ccbUSaFu.s]
  ignore line: [GNU C++14 (GCC) version 8.3.0 20190222 (Cray Inc.) (x86_64-suse-linux)]
  ignore line: [	compiled by GNU C version 8.3.0 20190222 (Cray Inc.)  GMP version 6.0.0  MPFR version 3.1.3  MPC version 1.0.3  isl version isl-0.15-GMP]
  ignore line: []
  ignore line: [GGC heuristics: --param ggc-min-expand=100 --param ggc-min-heapsize=131072]
  ignore line: [ignoring nonexistent directory "/opt/gcc/8.3.0/snos/lib/gcc/x86_64-suse-linux/8.3.0/../../../../x86_64-suse-linux/include"]
  ignore line: [#include "..." search starts here:]
  ignore line: [#include <...> search starts here:]
  ignore line: [ /opt/gcc/8.3.0/snos/include/g++]
  ignore line: [ /opt/gcc/8.3.0/snos/include/g++/x86_64-suse-linux]
  ignore line: [ /opt/gcc/8.3.0/snos/include/g++/backward]
  ignore line: [ /opt/gcc/8.3.0/snos/lib/gcc/x86_64-suse-linux/8.3.0/include]
  ignore line: [ /usr/local/include]
  ignore line: [ /opt/gcc/8.3.0/snos/include]
  ignore line: [ /opt/gcc/8.3.0/snos/lib/gcc/x86_64-suse-linux/8.3.0/include-fixed]
  ignore line: [ /usr/include]
  ignore line: [End of search list.]
  ignore line: [GNU C++14 (GCC) version 8.3.0 20190222 (Cray Inc.) (x86_64-suse-linux)]
  ignore line: [	compiled by GNU C version 8.3.0 20190222 (Cray Inc.)  GMP version 6.0.0  MPFR version 3.1.3  MPC version 1.0.3  isl version isl-0.15-GMP]
  ignore line: []
  ignore line: [GGC heuristics: --param ggc-min-expand=100 --param ggc-min-heapsize=131072]
  ignore line: [Compiler executable checksum: a65710110c95231a70a80de404252610]
  ignore line: [COLLECT_GCC_OPTIONS='-v' '-o' 'CMakeFiles/cmTC_d1162.dir/CMakeCXXCompilerABI.cpp.o' '-c' '-shared-libgcc' '-mtune=generic' '-march=x86-64']
  ignore line: [ as -v --64 -o CMakeFiles/cmTC_d1162.dir/CMakeCXXCompilerABI.cpp.o /tmp/ccbUSaFu.s]
  ignore line: [GNU assembler version 2.35.1 (x86_64-suse-linux) using BFD version (GNU Binutils]
  ignore line: [ SUSE Linux Enterprise 15) 2.35.1.20201123-6.20]
  ignore line: [COMPILER_PATH=/opt/gcc/8.3.0/snos/libexec/gcc/x86_64-suse-linux/8.3.0/:/opt/gcc/8.3.0/snos/libexec/gcc/x86_64-suse-linux/8.3.0/:/opt/gcc/8.3.0/snos/libexec/gcc/x86_64-suse-linux/:/opt/gcc/8.3.0/snos/lib/gcc/x86_64-suse-linux/8.3.0/:/opt/gcc/8.3.0/snos/lib/gcc/x86_64-suse-linux/]
  ignore line: [LIBRARY_PATH=/opt/gcc/8.3.0/snos/lib/gcc/x86_64-suse-linux/8.3.0/:/opt/gcc/8.3.0/snos/lib/gcc/x86_64-suse-linux/8.3.0/../../../../lib64/:/lib/../lib64/:/usr/lib/../lib64/:/opt/gcc/8.3.0/snos/lib/gcc/x86_64-suse-linux/8.3.0/../../../:/lib/:/usr/lib/]
  ignore line: [COLLECT_GCC_OPTIONS='-v' '-o' 'CMakeFiles/cmTC_d1162.dir/CMakeCXXCompilerABI.cpp.o' '-c' '-shared-libgcc' '-mtune=generic' '-march=x86-64']
  ignore line: [Linking CXX executable cmTC_d1162]
  ignore line: [/global/common/cori_cle7/software/cmake/3.21.3/bin/cmake -E cmake_link_script CMakeFiles/cmTC_d1162.dir/link.txt --verbose=1]
  ignore line: [/opt/gcc/8.3.0/bin/c++  -v CMakeFiles/cmTC_d1162.dir/CMakeCXXCompilerABI.cpp.o -o cmTC_d1162 ]
  ignore line: [Using built-in specs.]
  ignore line: [COLLECT_GCC=/opt/gcc/8.3.0/bin/../snos/bin/c++]
  ignore line: [COLLECT_LTO_WRAPPER=/opt/gcc/8.3.0/snos/libexec/gcc/x86_64-suse-linux/8.3.0/lto-wrapper]
  ignore line: [Target: x86_64-suse-linux]
  ignore line: [Configured with: ../cray-gcc-8.3.0-201903122028.16ea96cb84a9a/configure --prefix=/opt/gcc/8.3.0/snos --disable-nls --libdir=/opt/gcc/8.3.0/snos/lib --enable-languages=c c++ fortran --with-gxx-include-dir=/opt/gcc/8.3.0/snos/include/g++ --with-slibdir=/opt/gcc/8.3.0/snos/lib --with-system-zlib --enable-shared --enable-__cxa_atexit --build=x86_64-suse-linux --with-ppl --with-cloog --disable-multilib]
  ignore line: [Thread model: posix]
  ignore line: [gcc version 8.3.0 20190222 (Cray Inc.) (GCC) ]
  ignore line: [COMPILER_PATH=/opt/gcc/8.3.0/snos/libexec/gcc/x86_64-suse-linux/8.3.0/:/opt/gcc/8.3.0/snos/libexec/gcc/x86_64-suse-linux/8.3.0/:/opt/gcc/8.3.0/snos/libexec/gcc/x86_64-suse-linux/:/opt/gcc/8.3.0/snos/lib/gcc/x86_64-suse-linux/8.3.0/:/opt/gcc/8.3.0/snos/lib/gcc/x86_64-suse-linux/]
  ignore line: [LIBRARY_PATH=/opt/gcc/8.3.0/snos/lib/gcc/x86_64-suse-linux/8.3.0/:/opt/gcc/8.3.0/snos/lib/gcc/x86_64-suse-linux/8.3.0/../../../../lib64/:/lib/../lib64/:/usr/lib/../lib64/:/opt/gcc/8.3.0/snos/lib/gcc/x86_64-suse-linux/8.3.0/../../../:/lib/:/usr/lib/]
  ignore line: [COLLECT_GCC_OPTIONS='-v' '-o' 'cmTC_d1162' '-shared-libgcc' '-mtune=generic' '-march=x86-64']
  link line: [ /opt/gcc/8.3.0/snos/libexec/gcc/x86_64-suse-linux/8.3.0/collect2 -plugin /opt/gcc/8.3.0/snos/libexec/gcc/x86_64-suse-linux/8.3.0/liblto_plugin.so -plugin-opt=/opt/gcc/8.3.0/snos/libexec/gcc/x86_64-suse-linux/8.3.0/lto-wrapper -plugin-opt=-fresolution=/tmp/ccVagWDv.res -plugin-opt=-pass-through=-lgcc_s -plugin-opt=-pass-through=-lgcc -plugin-opt=-pass-through=-lc -plugin-opt=-pass-through=-lgcc_s -plugin-opt=-pass-through=-lgcc --eh-frame-hdr -m elf_x86_64 -dynamic-linker /lib64/ld-linux-x86-64.so.2 -o cmTC_d1162 /usr/lib/../lib64/crt1.o /usr/lib/../lib64/crti.o /opt/gcc/8.3.0/snos/lib/gcc/x86_64-suse-linux/8.3.0/crtbegin.o -L/opt/gcc/8.3.0/snos/lib/gcc/x86_64-suse-linux/8.3.0 -L/opt/gcc/8.3.0/snos/lib/gcc/x86_64-suse-linux/8.3.0/../../../../lib64 -L/lib/../lib64 -L/usr/lib/../lib64 -L/opt/gcc/8.3.0/snos/lib/gcc/x86_64-suse-linux/8.3.0/../../.. CMakeFiles/cmTC_d1162.dir/CMakeCXXCompilerABI.cpp.o -lstdc++ -lm -lgcc_s -lgcc -lc -lgcc_s -lgcc /opt/gcc/8.3.0/snos/lib/gcc/x86_64-suse-linux/8.3.0/crtend.o /usr/lib/../lib64/crtn.o]
    arg [/opt/gcc/8.3.0/snos/libexec/gcc/x86_64-suse-linux/8.3.0/collect2] ==> ignore
    arg [-plugin] ==> ignore
    arg [/opt/gcc/8.3.0/snos/libexec/gcc/x86_64-suse-linux/8.3.0/liblto_plugin.so] ==> ignore
    arg [-plugin-opt=/opt/gcc/8.3.0/snos/libexec/gcc/x86_64-suse-linux/8.3.0/lto-wrapper] ==> ignore
    arg [-plugin-opt=-fresolution=/tmp/ccVagWDv.res] ==> ignore
    arg [-plugin-opt=-pass-through=-lgcc_s] ==> ignore
    arg [-plugin-opt=-pass-through=-lgcc] ==> ignore
    arg [-plugin-opt=-pass-through=-lc] ==> ignore
    arg [-plugin-opt=-pass-through=-lgcc_s] ==> ignore
    arg [-plugin-opt=-pass-through=-lgcc] ==> ignore
    arg [--eh-frame-hdr] ==> ignore
    arg [-m] ==> ignore
    arg [elf_x86_64] ==> ignore
    arg [-dynamic-linker] ==> ignore
    arg [/lib64/ld-linux-x86-64.so.2] ==> ignore
    arg [-o] ==> ignore
    arg [cmTC_d1162] ==> ignore
    arg [/usr/lib/../lib64/crt1.o] ==> obj [/usr/lib/../lib64/crt1.o]
    arg [/usr/lib/../lib64/crti.o] ==> obj [/usr/lib/../lib64/crti.o]
    arg [/opt/gcc/8.3.0/snos/lib/gcc/x86_64-suse-linux/8.3.0/crtbegin.o] ==> obj [/opt/gcc/8.3.0/snos/lib/gcc/x86_64-suse-linux/8.3.0/crtbegin.o]
    arg [-L/opt/gcc/8.3.0/snos/lib/gcc/x86_64-suse-linux/8.3.0] ==> dir [/opt/gcc/8.3.0/snos/lib/gcc/x86_64-suse-linux/8.3.0]
    arg [-L/opt/gcc/8.3.0/snos/lib/gcc/x86_64-suse-linux/8.3.0/../../../../lib64] ==> dir [/opt/gcc/8.3.0/snos/lib/gcc/x86_64-suse-linux/8.3.0/../../../../lib64]
    arg [-L/lib/../lib64] ==> dir [/lib/../lib64]
    arg [-L/usr/lib/../lib64] ==> dir [/usr/lib/../lib64]
    arg [-L/opt/gcc/8.3.0/snos/lib/gcc/x86_64-suse-linux/8.3.0/../../..] ==> dir [/opt/gcc/8.3.0/snos/lib/gcc/x86_64-suse-linux/8.3.0/../../..]
    arg [CMakeFiles/cmTC_d1162.dir/CMakeCXXCompilerABI.cpp.o] ==> ignore
    arg [-lstdc++] ==> lib [stdc++]
    arg [-lm] ==> lib [m]
    arg [-lgcc_s] ==> lib [gcc_s]
    arg [-lgcc] ==> lib [gcc]
    arg [-lc] ==> lib [c]
    arg [-lgcc_s] ==> lib [gcc_s]
    arg [-lgcc] ==> lib [gcc]
    arg [/opt/gcc/8.3.0/snos/lib/gcc/x86_64-suse-linux/8.3.0/crtend.o] ==> obj [/opt/gcc/8.3.0/snos/lib/gcc/x86_64-suse-linux/8.3.0/crtend.o]
    arg [/usr/lib/../lib64/crtn.o] ==> obj [/usr/lib/../lib64/crtn.o]
  collapse obj [/usr/lib/../lib64/crt1.o] ==> [/usr/lib64/crt1.o]
  collapse obj [/usr/lib/../lib64/crti.o] ==> [/usr/lib64/crti.o]
  collapse obj [/usr/lib/../lib64/crtn.o] ==> [/usr/lib64/crtn.o]
  collapse library dir [/opt/gcc/8.3.0/snos/lib/gcc/x86_64-suse-linux/8.3.0] ==> [/opt/gcc/8.3.0/snos/lib/gcc/x86_64-suse-linux/8.3.0]
  collapse library dir [/opt/gcc/8.3.0/snos/lib/gcc/x86_64-suse-linux/8.3.0/../../../../lib64] ==> [/opt/gcc/8.3.0/snos/lib64]
  collapse library dir [/lib/../lib64] ==> [/lib64]
  collapse library dir [/usr/lib/../lib64] ==> [/usr/lib64]
  collapse library dir [/opt/gcc/8.3.0/snos/lib/gcc/x86_64-suse-linux/8.3.0/../../..] ==> [/opt/gcc/8.3.0/snos/lib]
  implicit libs: [stdc++;m;gcc_s;gcc;c;gcc_s;gcc]
  implicit objs: [/usr/lib64/crt1.o;/usr/lib64/crti.o;/opt/gcc/8.3.0/snos/lib/gcc/x86_64-suse-linux/8.3.0/crtbegin.o;/opt/gcc/8.3.0/snos/lib/gcc/x86_64-suse-linux/8.3.0/crtend.o;/usr/lib64/crtn.o]
  implicit dirs: [/opt/gcc/8.3.0/snos/lib/gcc/x86_64-suse-linux/8.3.0;/opt/gcc/8.3.0/snos/lib64;/lib64;/usr/lib64;/opt/gcc/8.3.0/snos/lib]
  implicit fwks: []


